[2024-09-04 17:53:55,790][INFO][restartedMain][StartupInfoLogger:55]: Starting DemoApplication using Java 1.8.0_201 on SPRD-LucasNB with PID 12724 (D:\LineBot\demo\target\classes started by lucas in D:\LineBot\demo)
[2024-09-04 17:53:55,792][INFO][restartedMain][SpringApplication:634]: No active profile set, falling back to 1 default profile: "default"
[2024-09-04 17:53:55,830][INFO][restartedMain][DeferredLog:255]: Devtools property defaults active! Set 'spring.devtools.add-properties' to 'false' to disable
[2024-09-04 17:53:55,830][INFO][restartedMain][DeferredLog:255]: For additional web related logging consider setting the 'logging.level.web' property to 'DEBUG'
[2024-09-04 17:53:56,521][INFO][restartedMain][TomcatWebServer:108]: Tomcat initialized with port(s): 8080 (http)
[2024-09-04 17:53:56,529][INFO][restartedMain][DirectJDKLog:173]: Initializing ProtocolHandler ["http-nio-8080"]
[2024-09-04 17:53:56,530][INFO][restartedMain][DirectJDKLog:173]: Starting service [Tomcat]
[2024-09-04 17:53:56,530][INFO][restartedMain][DirectJDKLog:173]: Starting Servlet engine: [Apache Tomcat/9.0.68]
[2024-09-04 17:53:56,586][INFO][restartedMain][DirectJDKLog:173]: Initializing Spring embedded WebApplicationContext
[2024-09-04 17:53:56,586][INFO][restartedMain][ServletWebServerApplicationContext:292]: Root WebApplicationContext: initialization completed in 756 ms
[2024-09-04 17:53:56,833][INFO][restartedMain][OptionalLiveReloadServer:59]: LiveReload server is running on port 35729
[2024-09-04 17:53:56,843][INFO][restartedMain][DirectJDKLog:173]: Starting ProtocolHandler ["http-nio-8080"]
[2024-09-04 17:53:56,890][INFO][restartedMain][TomcatWebServer:220]: Tomcat started on port(s): 8080 (http) with context path ''
[2024-09-04 17:53:56,900][INFO][restartedMain][StartupInfoLogger:61]: Started DemoApplication in 1.356 seconds (JVM running for 2.089)
[2024-09-04 17:53:56,902][INFO][restartedMain][RentalCrawlerServiceImpl:24]: Staring to fetch rental data...
[2024-09-04 17:53:56,936][ERROR][restartedMain][SpringApplication:824]: Application run failed
java.lang.IllegalStateException: Failed to execute ApplicationRunner
	at org.springframework.boot.SpringApplication.callRunner(SpringApplication.java:765)
	at org.springframework.boot.SpringApplication.callRunners(SpringApplication.java:752)
	at org.springframework.boot.SpringApplication.run(SpringApplication.java:315)
	at org.springframework.boot.SpringApplication.run(SpringApplication.java:1306)
	at org.springframework.boot.SpringApplication.run(SpringApplication.java:1295)
	at com.example.demo.DemoApplication.main(DemoApplication.java:10)
	at sun.reflect.NativeMethodAccessorImpl.invoke0(Native Method)
	at sun.reflect.NativeMethodAccessorImpl.invoke(NativeMethodAccessorImpl.java:62)
	at sun.reflect.DelegatingMethodAccessorImpl.invoke(DelegatingMethodAccessorImpl.java:43)
	at java.lang.reflect.Method.invoke(Method.java:498)
	at org.springframework.boot.devtools.restart.RestartLauncher.run(RestartLauncher.java:49)
Caused by: java.lang.IllegalStateException: The driver executable must exist: D:\LineBot\demo\.\chromedriver-win64\chromedriver.exe
	at org.openqa.selenium.internal.Require$FileStateChecker.isFile(Require.java:342)
	at org.openqa.selenium.remote.service.DriverService.checkExecutable(DriverService.java:147)
	at org.openqa.selenium.remote.service.DriverService.findExecutable(DriverService.java:142)
	at org.openqa.selenium.chrome.ChromeDriverService.access$000(ChromeDriverService.java:38)
	at org.openqa.selenium.chrome.ChromeDriverService$Builder.findDefaultExecutable(ChromeDriverService.java:231)
	at org.openqa.selenium.remote.service.DriverService$Builder.build(DriverService.java:437)
	at org.openqa.selenium.chrome.ChromeDriverService.createServiceWithConfig(ChromeDriverService.java:141)
	at org.openqa.selenium.chrome.ChromeDriver.<init>(ChromeDriver.java:82)
	at com.example.demo.rental_crawler.service.impl.RentalCrawlerServiceImpl.fetchRentalData(RentalCrawlerServiceImpl.java:34)
	at com.example.demo.rental_crawler.Runner.StartupRunner.run(StartupRunner.java:18)
	at org.springframework.boot.SpringApplication.callRunner(SpringApplication.java:762)
	... 10 common frames omitted
