[2024-09-10 16:59:43,616][INFO][restartedMain][StartupInfoLogger:55]: Starting DemoApplication using Java 1.8.0_201 on SPRD-LucasNB with PID 26888 (D:\LineBot\demo\target\classes started by lucas in D:\LineBot\demo)
[2024-09-10 16:59:43,619][INFO][restartedMain][SpringApplication:634]: No active profile set, falling back to 1 default profile: "default"
[2024-09-10 16:59:43,651][INFO][restartedMain][DeferredLog:255]: Devtools property defaults active! Set 'spring.devtools.add-properties' to 'false' to disable
[2024-09-10 16:59:43,652][INFO][restartedMain][DeferredLog:255]: For additional web related logging consider setting the 'logging.level.web' property to 'DEBUG'
[2024-09-10 16:59:44,322][INFO][restartedMain][TomcatWebServer:108]: Tomcat initialized with port(s): 8080 (http)
[2024-09-10 16:59:44,331][INFO][restartedMain][DirectJDKLog:173]: Initializing ProtocolHandler ["http-nio-8080"]
[2024-09-10 16:59:44,331][INFO][restartedMain][DirectJDKLog:173]: Starting service [Tomcat]
[2024-09-10 16:59:44,331][INFO][restartedMain][DirectJDKLog:173]: Starting Servlet engine: [Apache Tomcat/9.0.68]
[2024-09-10 16:59:44,388][INFO][restartedMain][DirectJDKLog:173]: Initializing Spring embedded WebApplicationContext
[2024-09-10 16:59:44,388][INFO][restartedMain][ServletWebServerApplicationContext:292]: Root WebApplicationContext: initialization completed in 736 ms
[2024-09-10 16:59:44,670][INFO][restartedMain][OptionalLiveReloadServer:59]: LiveReload server is running on port 35729
[2024-09-10 16:59:44,679][INFO][restartedMain][DirectJDKLog:173]: Starting ProtocolHandler ["http-nio-8080"]
[2024-09-10 16:59:44,732][INFO][restartedMain][TomcatWebServer:220]: Tomcat started on port(s): 8080 (http) with context path ''
[2024-09-10 16:59:44,741][INFO][restartedMain][StartupInfoLogger:61]: Started DemoApplication in 1.404 seconds (JVM running for 2.096)
[2024-09-10 16:59:44,743][INFO][restartedMain][RentalCrawlerServiceImpl:24]: Staring to fetch rental data...
[2024-09-10 16:59:49,088][INFO][Forwarding newSession on session null to remote][ProtocolHandshake:66]: Detected dialect: W3C
[2024-09-10 16:59:49,133][WARN][AsyncHttpClient-1-4][WebSocket$Listener:66]: Invalid Status code=403 text=Forbidden
java.io.IOException: Invalid Status code=403 text=Forbidden
	at org.asynchttpclient.netty.handler.WebSocketHandler.abort(WebSocketHandler.java:92)
	at org.asynchttpclient.netty.handler.WebSocketHandler.handleRead(WebSocketHandler.java:118)
	at org.asynchttpclient.netty.handler.AsyncHttpClientHandler.channelRead(AsyncHttpClientHandler.java:78)
	at io.netty.channel.AbstractChannelHandlerContext.invokeChannelRead(AbstractChannelHandlerContext.java:444)
	at io.netty.channel.AbstractChannelHandlerContext.invokeChannelRead(AbstractChannelHandlerContext.java:420)
	at io.netty.channel.AbstractChannelHandlerContext.fireChannelRead(AbstractChannelHandlerContext.java:412)
	at io.netty.channel.CombinedChannelDuplexHandler$DelegatingChannelHandlerContext.fireChannelRead(CombinedChannelDuplexHandler.java:436)
	at io.netty.handler.codec.ByteToMessageDecoder.fireChannelRead(ByteToMessageDecoder.java:336)
	at io.netty.handler.codec.ByteToMessageDecoder.fireChannelRead(ByteToMessageDecoder.java:323)
	at io.netty.handler.codec.ByteToMessageDecoder.callDecode(ByteToMessageDecoder.java:444)
	at io.netty.handler.codec.ByteToMessageDecoder.channelRead(ByteToMessageDecoder.java:280)
	at io.netty.channel.CombinedChannelDuplexHandler.channelRead(CombinedChannelDuplexHandler.java:251)
	at io.netty.channel.AbstractChannelHandlerContext.invokeChannelRead(AbstractChannelHandlerContext.java:442)
	at io.netty.channel.AbstractChannelHandlerContext.invokeChannelRead(AbstractChannelHandlerContext.java:420)
	at io.netty.channel.AbstractChannelHandlerContext.fireChannelRead(AbstractChannelHandlerContext.java:412)
	at io.netty.channel.DefaultChannelPipeline$HeadContext.channelRead(DefaultChannelPipeline.java:1410)
	at io.netty.channel.AbstractChannelHandlerContext.invokeChannelRead(AbstractChannelHandlerContext.java:440)
	at io.netty.channel.AbstractChannelHandlerContext.invokeChannelRead(AbstractChannelHandlerContext.java:420)
	at io.netty.channel.DefaultChannelPipeline.fireChannelRead(DefaultChannelPipeline.java:919)
	at io.netty.channel.nio.AbstractNioByteChannel$NioByteUnsafe.read(AbstractNioByteChannel.java:166)
	at io.netty.channel.nio.NioEventLoop.processSelectedKey(NioEventLoop.java:788)
	at io.netty.channel.nio.NioEventLoop.processSelectedKeysOptimized(NioEventLoop.java:724)
	at io.netty.channel.nio.NioEventLoop.processSelectedKeys(NioEventLoop.java:650)
	at io.netty.channel.nio.NioEventLoop.run(NioEventLoop.java:562)
	at io.netty.util.concurrent.SingleThreadEventExecutor$4.run(SingleThreadEventExecutor.java:997)
	at io.netty.util.internal.ThreadExecutorMap$2.run(ThreadExecutorMap.java:74)
	at io.netty.util.concurrent.FastThreadLocalRunnable.run(FastThreadLocalRunnable.java:30)
	at java.lang.Thread.run(Thread.java:748)
[2024-09-10 16:59:49,157][ERROR][restartedMain][SpringApplication:824]: Application run failed
java.lang.IllegalStateException: Failed to execute ApplicationRunner
	at org.springframework.boot.SpringApplication.callRunner(SpringApplication.java:765)
	at org.springframework.boot.SpringApplication.callRunners(SpringApplication.java:752)
	at org.springframework.boot.SpringApplication.run(SpringApplication.java:315)
	at org.springframework.boot.SpringApplication.run(SpringApplication.java:1306)
	at org.springframework.boot.SpringApplication.run(SpringApplication.java:1295)
	at com.example.demo.DemoApplication.main(DemoApplication.java:10)
	at sun.reflect.NativeMethodAccessorImpl.invoke0(Native Method)
	at sun.reflect.NativeMethodAccessorImpl.invoke(NativeMethodAccessorImpl.java:62)
	at sun.reflect.DelegatingMethodAccessorImpl.invoke(DelegatingMethodAccessorImpl.java:43)
	at java.lang.reflect.Method.invoke(Method.java:498)
	at org.springframework.boot.devtools.restart.RestartLauncher.run(RestartLauncher.java:49)
Caused by: org.openqa.selenium.remote.http.ConnectionFailedException: Unable to establish websocket connection to http://localhost:55964/devtools/browser/501a0ad2-bc40-4809-961d-30cffb8481c8
Build info: version: '4.1.4', revision: '535d840ee2'
System info: host: 'SPRD-LUCASNB', ip: '10.0.0.182', os.name: 'Windows 10', os.arch: 'amd64', os.version: '10.0', java.version: '1.8.0_201'
Driver info: driver.version: ChromeDriver
	at org.openqa.selenium.remote.http.netty.NettyWebSocket.<init>(NettyWebSocket.java:102)
	at org.openqa.selenium.remote.http.netty.NettyWebSocket.lambda$create$3(NettyWebSocket.java:128)
	at org.openqa.selenium.remote.http.netty.NettyClient.openSocket(NettyClient.java:105)
	at org.openqa.selenium.devtools.Connection.<init>(Connection.java:77)
	at org.openqa.selenium.chromium.ChromiumDriver.lambda$new$2(ChromiumDriver.java:124)
	at java.util.Optional.map(Optional.java:215)
	at org.openqa.selenium.chromium.ChromiumDriver.<init>(ChromiumDriver.java:122)
	at org.openqa.selenium.chrome.ChromeDriver.<init>(ChromeDriver.java:106)
	at org.openqa.selenium.chrome.ChromeDriver.<init>(ChromeDriver.java:93)
	at org.openqa.selenium.chrome.ChromeDriver.<init>(ChromeDriver.java:82)
	at com.example.demo.rental_crawler.service.impl.RentalCrawlerServiceImpl.fetchRentalData(RentalCrawlerServiceImpl.java:34)
	at com.example.demo.rental_crawler.Runner.StartupRunner.run(StartupRunner.java:18)
	at org.springframework.boot.SpringApplication.callRunner(SpringApplication.java:762)
	... 10 common frames omitted
