[2024-09-06 14:51:31,279][INFO][restartedMain][StartupInfoLogger:55]: Starting DemoApplication using Java 1.8.0_201 on SPRD-LucasNB with PID 14496 (D:\LineBot\demo\target\classes started by lucas in D:\LineBot\demo)
[2024-09-06 14:51:31,282][INFO][restartedMain][SpringApplication:634]: No active profile set, falling back to 1 default profile: "default"
[2024-09-06 14:51:31,324][INFO][restartedMain][DeferredLog:255]: Devtools property defaults active! Set 'spring.devtools.add-properties' to 'false' to disable
[2024-09-06 14:51:31,325][INFO][restartedMain][DeferredLog:255]: For additional web related logging consider setting the 'logging.level.web' property to 'DEBUG'
[2024-09-06 14:51:32,101][INFO][restartedMain][TomcatWebServer:108]: Tomcat initialized with port(s): 8080 (http)
[2024-09-06 14:51:32,110][INFO][restartedMain][DirectJDKLog:173]: Initializing ProtocolHandler ["http-nio-8080"]
[2024-09-06 14:51:32,110][INFO][restartedMain][DirectJDKLog:173]: Starting service [Tomcat]
[2024-09-06 14:51:32,110][INFO][restartedMain][DirectJDKLog:173]: Starting Servlet engine: [Apache Tomcat/9.0.68]
[2024-09-06 14:51:32,171][INFO][restartedMain][DirectJDKLog:173]: Initializing Spring embedded WebApplicationContext
[2024-09-06 14:51:32,171][INFO][restartedMain][ServletWebServerApplicationContext:292]: Root WebApplicationContext: initialization completed in 846 ms
[2024-09-06 14:51:32,503][INFO][restartedMain][OptionalLiveReloadServer:59]: LiveReload server is running on port 35729
[2024-09-06 14:51:32,514][INFO][restartedMain][DirectJDKLog:173]: Starting ProtocolHandler ["http-nio-8080"]
[2024-09-06 14:51:32,565][INFO][restartedMain][TomcatWebServer:220]: Tomcat started on port(s): 8080 (http) with context path ''
[2024-09-06 14:51:32,574][INFO][restartedMain][StartupInfoLogger:61]: Started DemoApplication in 1.569 seconds (JVM running for 2.718)
[2024-09-06 14:51:32,575][INFO][restartedMain][RentalCrawlerServiceImpl:24]: Staring to fetch rental data...
[2024-09-06 14:51:39,335][ERROR][restartedMain][SpringApplication:824]: Application run failed
java.lang.IllegalStateException: Failed to execute ApplicationRunner
	at org.springframework.boot.SpringApplication.callRunner(SpringApplication.java:765)
	at org.springframework.boot.SpringApplication.callRunners(SpringApplication.java:752)
	at org.springframework.boot.SpringApplication.run(SpringApplication.java:315)
	at org.springframework.boot.SpringApplication.run(SpringApplication.java:1306)
	at org.springframework.boot.SpringApplication.run(SpringApplication.java:1295)
	at com.example.demo.DemoApplication.main(DemoApplication.java:10)
	at sun.reflect.NativeMethodAccessorImpl.invoke0(Native Method)
	at sun.reflect.NativeMethodAccessorImpl.invoke(NativeMethodAccessorImpl.java:62)
	at sun.reflect.DelegatingMethodAccessorImpl.invoke(DelegatingMethodAccessorImpl.java:43)
	at java.lang.reflect.Method.invoke(Method.java:498)
	at org.springframework.boot.devtools.restart.RestartLauncher.run(RestartLauncher.java:49)
Caused by: org.openqa.selenium.SessionNotCreatedException: Could not start a new session. Response code 500. Message: session not created: This version of ChromeDriver only supports Chrome version 130
Current browser version is 128.0.6613.120 with binary path C:\Program Files\Google\Chrome\Application\chrome.exe
Build info: version: '4.1.4', revision: '535d840ee2'
System info: host: 'SPRD-LUCASNB', ip: '10.0.0.182', os.name: 'Windows 10', os.arch: 'amd64', os.version: '10.0', java.version: '1.8.0_201'
Driver info: org.openqa.selenium.chrome.ChromeDriver
Command: [null, newSession {capabilities=[Capabilities {browserName: chrome, goog:chromeOptions: {args: [--disable-gpu, --window-size=1920,1088], extensions: []}}], desiredCapabilities=Capabilities {browserName: chrome, goog:chromeOptions: {args: [--disable-gpu, --window-size=1920,1088], extensions: []}}}]
	at org.openqa.selenium.remote.ProtocolHandshake.createSession(ProtocolHandshake.java:126)
	at org.openqa.selenium.remote.ProtocolHandshake.createSession(ProtocolHandshake.java:84)
	at org.openqa.selenium.remote.ProtocolHandshake.createSession(ProtocolHandshake.java:62)
	at org.openqa.selenium.remote.HttpCommandExecutor.execute(HttpCommandExecutor.java:156)
	at org.openqa.selenium.remote.service.DriverCommandExecutor.invokeExecute(DriverCommandExecutor.java:167)
	at org.openqa.selenium.remote.service.DriverCommandExecutor.execute(DriverCommandExecutor.java:142)
	at org.openqa.selenium.remote.RemoteWebDriver.execute(RemoteWebDriver.java:567)
	at org.openqa.selenium.remote.RemoteWebDriver.startSession(RemoteWebDriver.java:248)
	at org.openqa.selenium.remote.RemoteWebDriver.<init>(RemoteWebDriver.java:164)
	at org.openqa.selenium.chromium.ChromiumDriver.<init>(ChromiumDriver.java:108)
	at org.openqa.selenium.chrome.ChromeDriver.<init>(ChromeDriver.java:106)
	at org.openqa.selenium.chrome.ChromeDriver.<init>(ChromeDriver.java:93)
	at org.openqa.selenium.chrome.ChromeDriver.<init>(ChromeDriver.java:82)
	at com.example.demo.rental_crawler.service.impl.RentalCrawlerServiceImpl.fetchRentalData(RentalCrawlerServiceImpl.java:34)
	at com.example.demo.rental_crawler.Runner.StartupRunner.run(StartupRunner.java:18)
	at org.springframework.boot.SpringApplication.callRunner(SpringApplication.java:762)
	... 10 common frames omitted
[2024-09-06 14:53:02,721][INFO][restartedMain][StartupInfoLogger:55]: Starting DemoApplication using Java 1.8.0_201 on SPRD-LucasNB with PID 19460 (D:\LineBot\demo\target\classes started by lucas in D:\LineBot\demo)
[2024-09-06 14:53:02,724][INFO][restartedMain][SpringApplication:634]: No active profile set, falling back to 1 default profile: "default"
[2024-09-06 14:53:02,760][INFO][restartedMain][DeferredLog:255]: Devtools property defaults active! Set 'spring.devtools.add-properties' to 'false' to disable
[2024-09-06 14:53:02,761][INFO][restartedMain][DeferredLog:255]: For additional web related logging consider setting the 'logging.level.web' property to 'DEBUG'
[2024-09-06 14:53:03,438][INFO][restartedMain][TomcatWebServer:108]: Tomcat initialized with port(s): 8080 (http)
[2024-09-06 14:53:03,446][INFO][restartedMain][DirectJDKLog:173]: Initializing ProtocolHandler ["http-nio-8080"]
[2024-09-06 14:53:03,447][INFO][restartedMain][DirectJDKLog:173]: Starting service [Tomcat]
[2024-09-06 14:53:03,447][INFO][restartedMain][DirectJDKLog:173]: Starting Servlet engine: [Apache Tomcat/9.0.68]
[2024-09-06 14:53:03,509][INFO][restartedMain][DirectJDKLog:173]: Initializing Spring embedded WebApplicationContext
[2024-09-06 14:53:03,509][INFO][restartedMain][ServletWebServerApplicationContext:292]: Root WebApplicationContext: initialization completed in 748 ms
[2024-09-06 14:53:03,766][INFO][restartedMain][OptionalLiveReloadServer:59]: LiveReload server is running on port 35729
[2024-09-06 14:53:03,779][INFO][restartedMain][DirectJDKLog:173]: Starting ProtocolHandler ["http-nio-8080"]
[2024-09-06 14:53:03,829][INFO][restartedMain][TomcatWebServer:220]: Tomcat started on port(s): 8080 (http) with context path ''
[2024-09-06 14:53:03,839][INFO][restartedMain][StartupInfoLogger:61]: Started DemoApplication in 1.381 seconds (JVM running for 2.165)
[2024-09-06 14:53:03,841][INFO][restartedMain][RentalCrawlerServiceImpl:24]: Staring to fetch rental data...
[2024-09-06 14:53:06,411][ERROR][restartedMain][SpringApplication:824]: Application run failed
java.lang.IllegalStateException: Failed to execute ApplicationRunner
	at org.springframework.boot.SpringApplication.callRunner(SpringApplication.java:765)
	at org.springframework.boot.SpringApplication.callRunners(SpringApplication.java:752)
	at org.springframework.boot.SpringApplication.run(SpringApplication.java:315)
	at org.springframework.boot.SpringApplication.run(SpringApplication.java:1306)
	at org.springframework.boot.SpringApplication.run(SpringApplication.java:1295)
	at com.example.demo.DemoApplication.main(DemoApplication.java:10)
	at sun.reflect.NativeMethodAccessorImpl.invoke0(Native Method)
	at sun.reflect.NativeMethodAccessorImpl.invoke(NativeMethodAccessorImpl.java:62)
	at sun.reflect.DelegatingMethodAccessorImpl.invoke(DelegatingMethodAccessorImpl.java:43)
	at java.lang.reflect.Method.invoke(Method.java:498)
	at org.springframework.boot.devtools.restart.RestartLauncher.run(RestartLauncher.java:49)
Caused by: org.openqa.selenium.SessionNotCreatedException: Could not start a new session. Response code 500. Message: session not created: This version of ChromeDriver only supports Chrome version 130
Current browser version is 128.0.6613.120 with binary path C:\Program Files\Google\Chrome\Application\chrome.exe
Build info: version: '4.1.4', revision: '535d840ee2'
System info: host: 'SPRD-LUCASNB', ip: '10.0.0.182', os.name: 'Windows 10', os.arch: 'amd64', os.version: '10.0', java.version: '1.8.0_201'
Driver info: org.openqa.selenium.chrome.ChromeDriver
Command: [null, newSession {capabilities=[Capabilities {browserName: chrome, goog:chromeOptions: {args: [--headless, --disable-gpu, --window-size=1920,1088], extensions: []}}], desiredCapabilities=Capabilities {browserName: chrome, goog:chromeOptions: {args: [--headless, --disable-gpu, --window-size=1920,1088], extensions: []}}}]
	at org.openqa.selenium.remote.ProtocolHandshake.createSession(ProtocolHandshake.java:126)
	at org.openqa.selenium.remote.ProtocolHandshake.createSession(ProtocolHandshake.java:84)
	at org.openqa.selenium.remote.ProtocolHandshake.createSession(ProtocolHandshake.java:62)
	at org.openqa.selenium.remote.HttpCommandExecutor.execute(HttpCommandExecutor.java:156)
	at org.openqa.selenium.remote.service.DriverCommandExecutor.invokeExecute(DriverCommandExecutor.java:167)
	at org.openqa.selenium.remote.service.DriverCommandExecutor.execute(DriverCommandExecutor.java:142)
	at org.openqa.selenium.remote.RemoteWebDriver.execute(RemoteWebDriver.java:567)
	at org.openqa.selenium.remote.RemoteWebDriver.startSession(RemoteWebDriver.java:248)
	at org.openqa.selenium.remote.RemoteWebDriver.<init>(RemoteWebDriver.java:164)
	at org.openqa.selenium.chromium.ChromiumDriver.<init>(ChromiumDriver.java:108)
	at org.openqa.selenium.chrome.ChromeDriver.<init>(ChromeDriver.java:106)
	at org.openqa.selenium.chrome.ChromeDriver.<init>(ChromeDriver.java:93)
	at org.openqa.selenium.chrome.ChromeDriver.<init>(ChromeDriver.java:82)
	at com.example.demo.rental_crawler.service.impl.RentalCrawlerServiceImpl.fetchRentalData(RentalCrawlerServiceImpl.java:34)
	at com.example.demo.rental_crawler.Runner.StartupRunner.run(StartupRunner.java:18)
	at org.springframework.boot.SpringApplication.callRunner(SpringApplication.java:762)
	... 10 common frames omitted
[2024-09-06 16:48:33,435][INFO][restartedMain][StartupInfoLogger:55]: Starting DemoApplication using Java 1.8.0_201 on SPRD-LucasNB with PID 5144 (D:\LineBot\demo\target\classes started by lucas in D:\LineBot\demo)
[2024-09-06 16:48:33,438][INFO][restartedMain][SpringApplication:634]: No active profile set, falling back to 1 default profile: "default"
[2024-09-06 16:48:33,480][INFO][restartedMain][DeferredLog:255]: Devtools property defaults active! Set 'spring.devtools.add-properties' to 'false' to disable
[2024-09-06 16:48:33,480][INFO][restartedMain][DeferredLog:255]: For additional web related logging consider setting the 'logging.level.web' property to 'DEBUG'
[2024-09-06 16:48:34,225][INFO][restartedMain][TomcatWebServer:108]: Tomcat initialized with port(s): 8080 (http)
[2024-09-06 16:48:34,234][INFO][restartedMain][DirectJDKLog:173]: Initializing ProtocolHandler ["http-nio-8080"]
[2024-09-06 16:48:34,236][INFO][restartedMain][DirectJDKLog:173]: Starting service [Tomcat]
[2024-09-06 16:48:34,236][INFO][restartedMain][DirectJDKLog:173]: Starting Servlet engine: [Apache Tomcat/9.0.68]
[2024-09-06 16:48:34,297][INFO][restartedMain][DirectJDKLog:173]: Initializing Spring embedded WebApplicationContext
[2024-09-06 16:48:34,297][INFO][restartedMain][ServletWebServerApplicationContext:292]: Root WebApplicationContext: initialization completed in 816 ms
[2024-09-06 16:48:34,566][INFO][restartedMain][OptionalLiveReloadServer:59]: LiveReload server is running on port 35729
[2024-09-06 16:48:34,577][INFO][restartedMain][DirectJDKLog:173]: Starting ProtocolHandler ["http-nio-8080"]
[2024-09-06 16:48:34,626][INFO][restartedMain][TomcatWebServer:220]: Tomcat started on port(s): 8080 (http) with context path ''
[2024-09-06 16:48:34,636][INFO][restartedMain][StartupInfoLogger:61]: Started DemoApplication in 1.465 seconds (JVM running for 2.198)
[2024-09-06 16:48:34,638][INFO][restartedMain][RentalCrawlerServiceImpl:24]: Staring to fetch rental data...
[2024-09-06 16:48:37,272][ERROR][restartedMain][SpringApplication:824]: Application run failed
java.lang.IllegalStateException: Failed to execute ApplicationRunner
	at org.springframework.boot.SpringApplication.callRunner(SpringApplication.java:765)
	at org.springframework.boot.SpringApplication.callRunners(SpringApplication.java:752)
	at org.springframework.boot.SpringApplication.run(SpringApplication.java:315)
	at org.springframework.boot.SpringApplication.run(SpringApplication.java:1306)
	at org.springframework.boot.SpringApplication.run(SpringApplication.java:1295)
	at com.example.demo.DemoApplication.main(DemoApplication.java:10)
	at sun.reflect.NativeMethodAccessorImpl.invoke0(Native Method)
	at sun.reflect.NativeMethodAccessorImpl.invoke(NativeMethodAccessorImpl.java:62)
	at sun.reflect.DelegatingMethodAccessorImpl.invoke(DelegatingMethodAccessorImpl.java:43)
	at java.lang.reflect.Method.invoke(Method.java:498)
	at org.springframework.boot.devtools.restart.RestartLauncher.run(RestartLauncher.java:49)
Caused by: org.openqa.selenium.SessionNotCreatedException: Could not start a new session. Response code 500. Message: session not created: This version of ChromeDriver only supports Chrome version 130
Current browser version is 128.0.6613.120 with binary path C:\Program Files\Google\Chrome\Application\chrome.exe
Build info: version: '4.1.4', revision: '535d840ee2'
System info: host: 'SPRD-LUCASNB', ip: '10.0.0.182', os.name: 'Windows 10', os.arch: 'amd64', os.version: '10.0', java.version: '1.8.0_201'
Driver info: org.openqa.selenium.chrome.ChromeDriver
Command: [null, newSession {capabilities=[Capabilities {browserName: chrome, goog:chromeOptions: {args: [--disable-gpu, --window-size=1920,1088], extensions: []}}], desiredCapabilities=Capabilities {browserName: chrome, goog:chromeOptions: {args: [--disable-gpu, --window-size=1920,1088], extensions: []}}}]
	at org.openqa.selenium.remote.ProtocolHandshake.createSession(ProtocolHandshake.java:126)
	at org.openqa.selenium.remote.ProtocolHandshake.createSession(ProtocolHandshake.java:84)
	at org.openqa.selenium.remote.ProtocolHandshake.createSession(ProtocolHandshake.java:62)
	at org.openqa.selenium.remote.HttpCommandExecutor.execute(HttpCommandExecutor.java:156)
	at org.openqa.selenium.remote.service.DriverCommandExecutor.invokeExecute(DriverCommandExecutor.java:167)
	at org.openqa.selenium.remote.service.DriverCommandExecutor.execute(DriverCommandExecutor.java:142)
	at org.openqa.selenium.remote.RemoteWebDriver.execute(RemoteWebDriver.java:567)
	at org.openqa.selenium.remote.RemoteWebDriver.startSession(RemoteWebDriver.java:248)
	at org.openqa.selenium.remote.RemoteWebDriver.<init>(RemoteWebDriver.java:164)
	at org.openqa.selenium.chromium.ChromiumDriver.<init>(ChromiumDriver.java:108)
	at org.openqa.selenium.chrome.ChromeDriver.<init>(ChromeDriver.java:106)
	at org.openqa.selenium.chrome.ChromeDriver.<init>(ChromeDriver.java:93)
	at org.openqa.selenium.chrome.ChromeDriver.<init>(ChromeDriver.java:82)
	at com.example.demo.rental_crawler.service.impl.RentalCrawlerServiceImpl.fetchRentalData(RentalCrawlerServiceImpl.java:34)
	at com.example.demo.rental_crawler.Runner.StartupRunner.run(StartupRunner.java:18)
	at org.springframework.boot.SpringApplication.callRunner(SpringApplication.java:762)
	... 10 common frames omitted
